<?xml version="1.0" encoding="UTF-8"?>
<!-- Generated by org.testng.reporters.JUnitReportReporter -->
<testsuite hostname="DESKTOP-3R5I3AG" failures="0" tests="6" name="TestNGBasic.BasicNG" time="0.049" errors="0" timestamp="2022-07-13T11:34:58 IST" skipped="1">
  <testcase classname="TestNGBasic.BasicNG" name="test7" time="0.003"/>
  <system-out/>
  <testcase classname="TestNGBasic.BasicNG" name="test4" time="0.035"/>
  <system-out/>
  <testcase classname="TestNGBasic.BasicNG" name="test1" time="0.006"/>
  <system-out/>
  <testcase classname="TestNGBasic.BasicNG" name="test8" time="0.002"/>
  <system-out/>
  <testcase classname="TestNGBasic.BasicNG" name="test3" time="0.003"/>
  <system-out/>
  <testcase classname="TestNGBasic.BasicNG" name="test6">
    <skipped/>
  </testcase> <!-- test6 -->
  <system-out/>
</testsuite> <!-- TestNGBasic.BasicNG -->
